<?xml version="1.0" encoding="UTF-8"?>
<testng-results ignored="0" total="3" passed="2" failed="1" skipped="0">
  <reporter-output>
  </reporter-output>
  <suite started-at="2022-09-16T20:53:09 IST" name="Default suite" finished-at="2022-09-16T20:53:22 IST" duration-ms="12849">
    <groups>
    </groups>
    <test started-at="2022-09-16T20:53:09 IST" name="Default test" finished-at="2022-09-16T20:53:22 IST" duration-ms="12849">
      <class name="Test_classes.Facebook_Test">
        <test-method is-config="true" signature="Setup()[pri:0, instance:Test_classes.Facebook_Test@2ef3eef9]" started-at="2022-09-16T20:53:09 IST" name="Setup" finished-at="2022-09-16T20:53:12 IST" duration-ms="2760" status="PASS">
          <reporter-output>
          </reporter-output>
        </test-method> <!-- Setup -->
        <test-method signature="open_createAccount_page()[pri:1, instance:Test_classes.Facebook_Test@2ef3eef9]" started-at="2022-09-16T20:53:12 IST" name="open_createAccount_page" finished-at="2022-09-16T20:53:14 IST" duration-ms="2096" status="PASS">
          <reporter-output>
          </reporter-output>
        </test-method> <!-- open_createAccount_page -->
        <test-method is-config="true" signature="FailTestCaseScreenshot(org.testng.ITestResult)[pri:0, instance:Test_classes.Facebook_Test@2ef3eef9]" started-at="2022-09-16T20:53:14 IST" name="FailTestCaseScreenshot" finished-at="2022-09-16T20:53:14 IST" duration-ms="260" status="PASS">
          <params>
            <param index="0">
              <value>
                <![CDATA[[TestResult name=open_createAccount_page status=SUCCESS method=Facebook_Test.open_createAccount_page()[pri:1, instance:Test_classes.Facebook_Test@2ef3eef9] output={null}]]]>
              </value>
            </param>
          </params>
          <reporter-output>
          </reporter-output>
        </test-method> <!-- FailTestCaseScreenshot -->
        <test-method signature="Fill_information()[pri:2, instance:Test_classes.Facebook_Test@2ef3eef9]" started-at="2022-09-16T20:53:14 IST" name="Fill_information" finished-at="2022-09-16T20:53:21 IST" duration-ms="7142" status="PASS">
          <reporter-output>
          </reporter-output>
        </test-method> <!-- Fill_information -->
        <test-method is-config="true" signature="FailTestCaseScreenshot(org.testng.ITestResult)[pri:0, instance:Test_classes.Facebook_Test@2ef3eef9]" started-at="2022-09-16T20:53:21 IST" name="FailTestCaseScreenshot" finished-at="2022-09-16T20:53:22 IST" duration-ms="61" status="PASS">
          <params>
            <param index="0">
              <value>
                <![CDATA[[TestResult name=Fill_information status=SUCCESS method=Facebook_Test.Fill_information()[pri:2, instance:Test_classes.Facebook_Test@2ef3eef9] output={null}]]]>
              </value>
            </param>
          </params>
          <reporter-output>
          </reporter-output>
        </test-method> <!-- FailTestCaseScreenshot -->
        <test-method signature="Click_SignUP()[pri:3, instance:Test_classes.Facebook_Test@2ef3eef9]" started-at="2022-09-16T20:53:22 IST" name="Click_SignUP" finished-at="2022-09-16T20:53:22 IST" duration-ms="69" status="FAIL">
          <exception class="java.lang.AssertionError">
            <message>
              <![CDATA[null]]>
            </message>
            <full-stacktrace>
              <![CDATA[java.lang.AssertionError: null
at org.testng.Assert.fail(Assert.java:99)
at org.testng.Assert.fail(Assert.java:106)
at Test_classes.Facebook_Test.Click_SignUP(Facebook_Test.java:79)
at java.base/jdk.internal.reflect.DirectMethodHandleAccessor.invoke(DirectMethodHandleAccessor.java:104)
at java.base/java.lang.reflect.Method.invoke(Method.java:577)
at org.testng.internal.MethodInvocationHelper.invokeMethod(MethodInvocationHelper.java:133)
at org.testng.internal.TestInvoker.invokeMethod(TestInvoker.java:598)
at org.testng.internal.TestInvoker.invokeTestMethod(TestInvoker.java:173)
at org.testng.internal.MethodRunner.runInSequence(MethodRunner.java:46)
at org.testng.internal.TestInvoker$MethodInvocationAgent.invoke(TestInvoker.java:824)
at org.testng.internal.TestInvoker.invokeTestMethods(TestInvoker.java:146)
at org.testng.internal.TestMethodWorker.invokeTestMethods(TestMethodWorker.java:146)
at org.testng.internal.TestMethodWorker.run(TestMethodWorker.java:128)
at java.base/java.util.ArrayList.forEach(ArrayList.java:1511)
at org.testng.TestRunner.privateRun(TestRunner.java:794)
at org.testng.TestRunner.run(TestRunner.java:596)
at org.testng.SuiteRunner.runTest(SuiteRunner.java:377)
at org.testng.SuiteRunner.runSequentially(SuiteRunner.java:371)
at org.testng.SuiteRunner.privateRun(SuiteRunner.java:332)
at org.testng.SuiteRunner.run(SuiteRunner.java:276)
at org.testng.SuiteRunnerWorker.runSuite(SuiteRunnerWorker.java:53)
at org.testng.SuiteRunnerWorker.run(SuiteRunnerWorker.java:96)
at org.testng.TestNG.runSuitesSequentially(TestNG.java:1212)
at org.testng.TestNG.runSuitesLocally(TestNG.java:1134)
at org.testng.TestNG.runSuites(TestNG.java:1063)
at org.testng.TestNG.run(TestNG.java:1031)
at org.testng.remote.AbstractRemoteTestNG.run(AbstractRemoteTestNG.java:115)
at org.testng.remote.RemoteTestNG.initAndRun(RemoteTestNG.java:251)
at org.testng.remote.RemoteTestNG.main(RemoteTestNG.java:77)
]]>
            </full-stacktrace>
          </exception> <!-- java.lang.AssertionError -->
          <reporter-output>
          </reporter-output>
        </test-method> <!-- Click_SignUP -->
        <test-method is-config="true" signature="FailTestCaseScreenshot(org.testng.ITestResult)[pri:0, instance:Test_classes.Facebook_Test@2ef3eef9]" started-at="2022-09-16T20:53:22 IST" name="FailTestCaseScreenshot" finished-at="2022-09-16T20:53:22 IST" duration-ms="236" status="PASS">
          <params>
            <param index="0">
              <value>
                <![CDATA[[TestResult name=Click_SignUP status=FAILURE method=Facebook_Test.Click_SignUP()[pri:3, instance:Test_classes.Facebook_Test@2ef3eef9] output={null}]]]>
              </value>
            </param>
          </params>
          <reporter-output>
          </reporter-output>
        </test-method> <!-- FailTestCaseScreenshot -->
        <test-method is-config="true" signature="TearDown()[pri:0, instance:Test_classes.Facebook_Test@2ef3eef9]" started-at="2022-09-16T20:53:22 IST" name="TearDown" finished-at="2022-09-16T20:53:22 IST" duration-ms="177" status="PASS">
          <reporter-output>
          </reporter-output>
        </test-method> <!-- TearDown -->
      </class> <!-- Test_classes.Facebook_Test -->
    </test> <!-- Default test -->
  </suite> <!-- Default suite -->
</testng-results>
